<?xml version="1.0" encoding="UTF-8"?>
<!-- Generated by org.testng.reporters.JUnitXMLReporter -->
<testsuite ignored="2" hostname="MININT-1THSRSO" failures="0" tests="1" name="Default test(failed)" time="0.054" errors="0" timestamp="2021-05-15T06:29:50 PDT">
  <testcase classname="Retrytestcasse.retyrtescase" name="test2" time="0.011"/>
  <testcase classname="Retrytestcasse.retyrtescase" name="test3" time="0.0">
    <ignored/>
  </testcase> <!-- test3 -->
  <testcase classname="Retrytestcasse.retyrtescase" name="test1" time="0.0">
    <ignored/>
  </testcase> <!-- test1 -->
</testsuite> <!-- Default test(failed) -->
