<?xml version="1.0" encoding="UTF-8"?>
<!-- Generated by org.testng.reporters.JUnitXMLReporter -->
<testsuite ignored="1" hostname="MININT-1THSRSO" failures="0" tests="3" name="Test" time="19.439" errors="0" timestamp="2021-05-06T00:00:29 PDT">
  <testcase classname="GoogleSearchTest_TestNG_EXtentReports" name="f" time="0.015"/>
  <testcase classname="tests.GoogleSearchTest_TestNG1" name="GoogleSearchtestpage_one" time="6.156"/>
  <testcase classname="tests.GoogleSearchTest_TestNG2" name="GoogleSearchtestpage_four" time="7.656"/>
  <testcase classname="tests.GoogleSearchTest_TestNG2" name="GoogleSearchtestpage_two" time="0.0">
    <ignored/>
  </testcase> <!-- GoogleSearchtestpage_two -->
</testsuite> <!-- Test -->
